2020-06/08T09:05:39 - INFO : https://apple-iforget.com
2020-06/08T09:05:39 - INFO : https://safe-id-login.com
2020-06/08T09:05:39 - INFO : https://manage.netflix.com.usermanagement.key.1973573.helpplusinfo01.com
2020-06/08T09:05:39 - INFO : https://manage.netflix.com.usermanagement.key.1973574.helpplusinfo01.com
2020-06/08T09:05:39 - INFO : https://helpplusinfo01.com
2020-06/08T09:05:39 - INFO : https://icloudsupporto.com
2020-06/08T09:05:39 - INFO : https://fbverify.biz
2020-06/08T09:05:39 - INFO : https://paypal-my-cash.com
2020-06/08T09:05:39 - INFO : https://scotiabank-security.com
2020-06/08T09:05:39 - INFO : https://user-appleid-find.com
2020-06/08T09:05:39 - INFO : https://verifrb2.net
2020-06/08T09:05:39 - INFO : https://icloudmyphone.com
2020-06/08T09:05:39 - INFO : https://iphone-gxa.com
2020-06/08T09:05:39 - INFO : https://postepayverifica.com
2020-06/08T09:05:39 - INFO : https://wap-ios10-icloud.com
2020-06/08T09:05:39 - INFO : https://apple-iosfid.com
2020-06/08T09:05:39 - INFO : https://id-apple-icloud-phone.com
2020-06/08T09:05:39 - INFO : https://payp-verifizierung.info
2020-06/08T09:05:39 - INFO : https://pp-verifizierung.info
2020-06/08T09:05:39 - INFO : https://icloud-support.ru
2020-06/08T09:05:39 - INFO : https://twitterverification.website
2020-06/08T09:05:40 - INFO : https://payp-verifizierung.online
2020-06/08T09:05:40 - INFO : https://accountverification.online
2020-06/08T09:05:41 - INFO : https://loacteidevice.info/sms/
2020-06/08T09:05:41 - INFO : https://gmailverification.com
2020-06/08T09:05:41 - INFO : https://13bmosecure.com
2020-06/08T09:05:41 - INFO : https://appleid.find-user.com
2020-06/08T09:05:41 - INFO : https://appleid-find-user.com
2020-06/08T09:05:42 - INFO : https://kunden-secured.info
2020-06/08T09:05:42 - INFO : https://kunden-verifi.info
2020-06/08T09:05:42 - INFO : https://pp-verifi.info
2020-06/08T09:05:42 - INFO : https://com-support.online
2020-06/08T09:05:42 - INFO : https://twitterverification.website
2020-06/08T09:05:42 - INFO : https://app-findmyiphone.com
2020-06/08T09:05:42 - INFO : https://appleid-find-help.com
2020-06/08T09:05:42 - INFO : https://icloud-apple-ld.com
2020-06/08T09:05:42 - INFO : https://locationmyiphone.com
2020-06/08T09:05:42 - INFO : https://update-scotiabank.com
2020-06/08T09:05:42 - INFO : https://verifiedaccounts.us
2020-06/08T09:05:42 - INFO : https://apple-icloudcid.com
2020-06/08T09:05:42 - INFO : https://bmo-security.com
2020-06/08T09:05:42 - INFO : https://icloud-id-usa.com
2020-06/08T09:05:42 - INFO : https://findmyiphone.vip
2020-06/08T09:05:42 - INFO : https://appleid-icloud-ios-ine.com
2020-06/08T09:05:42 - INFO : https://cl866.com
2020-06/08T09:06:02 - INFO : https://cngdzhongzi.com
2020-06/08T09:06:02 - INFO : https://apple-verify-ios-icloud.com
2020-06/08T09:06:02 - INFO : https://appleid-find-help.com
2020-06/08T09:06:02 - INFO : https://wap-ios-icloud.com
2020-06/08T09:06:02 - INFO : https://mail.apaypal.co/Secure/PP/Paypal/
2020-06/08T09:06:02 - INFO : https://apaypal.co/Secure/PP/Paypal/
2020-06/08T09:06:02 - INFO : https://mytechnicalinformation.com
2020-06/08T09:06:02 - INFO : https://appleid-find-help.com
2020-06/08T09:06:02 - INFO : https://localizardispositivos-apple.com
2020-06/08T09:06:02 - INFO : https://apple-id-support.info
2020-06/08T09:06:02 - INFO : https://notifyme-icloud.online
2020-06/08T09:06:02 - INFO : https://apple-accounts.me/clients/home/
2020-06/08T09:06:02 - INFO : https://lost-apple-device.com
2020-06/08T09:06:02 - INFO : https://applescloud.com
2020-06/08T09:06:02 - WARNING : Certificate did not match expected hostname: applescloud.com. Certificate: {'subject': ((('commonName', '*.domain.com'),),), 'subjectAltName': [('DNS', '*.domain.com'), ('DNS', 'domain.com')]}
2020-06/08T09:06:02 - INFO : https://facebookverification.com
2020-06/08T09:06:22 - INFO : https://info-apple-service.com
2020-06/08T09:06:22 - INFO : https://kor-icloud.com
2020-06/08T09:06:22 - INFO : https://paypal.limited-verificationupdatenow.com/
2020-06/08T09:06:22 - INFO : https://update-accounts-services.com
2020-06/08T09:06:22 - INFO : https://isupporticloud.info/iphone/
2020-06/08T09:06:22 - INFO : https://isupporticloud.info/apple/
2020-06/08T09:06:22 - INFO : https://isupporticloud.info/buscarmiiphone/
2020-06/08T09:06:22 - INFO : https://verificationhelp.online
2020-06/08T09:06:23 - INFO : https://mygadget-info.com
2020-06/08T09:06:23 - INFO : https://34zy2.sljtm.com
2020-06/08T09:06:23 - INFO : https://sljtm.com
2020-06/08T09:06:23 - INFO : https://apple.sljtm.com
2020-06/08T09:06:23 - INFO : https://tqjkp.com
2020-06/08T09:06:23 - INFO : https://apple.tqjkp.com
2020-06/08T09:06:23 - INFO : https://appletracklocation.com
2020-06/08T09:06:23 - INFO : https://icloudicc.com
2020-06/08T09:06:23 - INFO : https://verify-bankofamerica.com
2020-06/08T09:06:23 - INFO : https://apple-ios-icloud-official.com
2020-06/08T09:06:23 - INFO : https://apple-osx-icloud-support.com
2020-06/08T09:06:23 - INFO : https://icloudposizioni.com
2020-06/08T09:06:23 - INFO : https://apple-inc-help.com
2020-06/08T09:06:23 - INFO : https://apple-ios-icloud-support.com
2020-06/08T09:06:23 - INFO : https://icloudiosiccid.com
2020-06/08T09:06:23 - INFO : https://icloudnew.com
2020-06/08T09:06:23 - INFO : https://kr-icloud.com
2020-06/08T09:13:36 - INFO : http://szegedihadipark.hu/wp-admin/css/ggd/
2020-06/08T09:13:47 - INFO : http://extra-cash-from-home.com/GoogleDocument/
2020-06/08T09:13:49 - INFO : http://extra-cash-from-home.com/GoogleDocument/
2020-06/08T09:13:49 - INFO : http://universitdelausanne.weebly.com
2020-06/08T09:13:50 - INFO : http://www.oleificioferretti.it/xmlrpc/includes/itunes00/itunes/itunes/itunesconnect/
2020-06/08T09:13:50 - INFO : http://jqueryapi.org/Apple-Store/
2020-06/08T09:13:50 - INFO : http://tancoconut.com.my/wp-admin/js/03/
2020-06/08T09:13:51 - INFO : http://inf854962.weebly.com/
2020-06/08T09:13:51 - INFO : http://hydraulik-wawa.pl/fE4ri9cI5Re9/
2020-06/08T09:13:52 - INFO : http://kamadenlai.5gbfree.com/security.page/index.html
2020-06/08T09:13:52 - INFO : http://protections-01654045a.esy.es/security.page/
2020-06/08T09:13:52 - INFO : http://protections-11054808a.esy.es/security.page/
2020-06/08T09:13:52 - INFO : http://apps-facebooksupportinc.ml/hasa/2.html
2020-06/08T09:13:52 - INFO : http://apps-facebooksupportinc.ml/1/2.html
2020-06/08T09:13:52 - INFO : http://apps-facebooksupportinc.ml/Support/2.html
2020-06/08T09:13:52 - INFO : http://websitet7.com/dolopolo/protect/?i=612536
2020-06/08T09:13:56 - INFO : http://setting-acct085264.esy.es/index.html
2020-06/08T09:13:56 - INFO : http://verification.prima1.gq/
2020-06/08T09:13:56 - INFO : https://banortwe.com/JKKUIGH/
2020-06/08T09:14:16 - INFO : http://adm3029.hol.es/confirmation_now.html
2020-06/08T09:14:16 - INFO : http://ads-info-asia.info/infoadds17/recovery-chekpoint-login.html
2020-06/08T09:14:16 - INFO : http://10003125o.at.ua/42424/incorrect_email.html
2020-06/08T09:14:17 - INFO : http://loading102.id/edo1/Loooog.php
2020-06/08T09:14:17 - INFO : http://support188967.hol.es/setting.php
2020-06/08T09:14:17 - INFO : http://postesecurelogin.posta.it.bancaposta.foo-autenticazioneb.0xiwrognscheyullozjahjl3zmdjxjmx8ukp0qtst.postpos.shaqnet.nu/p/o/s/t/e/foo-autenticazione.php
2020-06/08T09:14:17 - INFO : http://postpos.shaqnet.nu/p/o/s/t/e/foo-autenticazione.php
2020-06/08T09:14:17 - INFO : http://213.136.77.91/p/o/s/t/e/foo-autenticazione.php
2020-06/08T09:14:17 - INFO : http://metrotailors.com/WEBADMINUPDATE.HTML
2020-06/08T09:14:17 - INFO : http://webhouseglobal.com/center1433597644rver646456-0wpmbisslsharedwreply/bofa/en/B/
2020-06/08T09:14:19 - INFO : http://smiilles.com/s/
2020-06/08T09:14:19 - INFO : http://peloclub.com/dhlexpresss.gq/kiss/post.php
2020-06/08T09:14:39 - INFO : http://elenaivanko.ru/includes/sbc/login.php
2020-06/08T09:14:39 - INFO : http://rsrpropix.16mb.com/mailer.php
2020-06/08T09:14:44 - INFO : http://ejlorenzo.com.ve/home/fonts/pp/
2020-06/08T09:14:45 - INFO : http://verify-cleints-chaseonline-chase-com.ssl443.org/bash/chasebank/
2020-06/08T09:14:46 - INFO : http://looklikeaprophoto.com/dropbox/dropbox/
2020-06/08T09:14:46 - INFO : http://testdolobosqueh.com/nownow/indexq.php?email=abuse@sanlam.co.za
2020-06/08T09:14:46 - INFO : http://unepp.com/images/g/wellsneh/indexxx.htm
2020-06/08T09:14:46 - INFO : http://www.megaline.co/BPf3O?T7yhujiodsa6tyuidsa?
2020-06/08T09:14:47 - INFO : http://www.ubibanca.ehilkebap.com/ubi/index.php
2020-06/08T09:14:47 - INFO : http://www.ubibanca.com.r7cumgwlvnmpdaalm3zgn2k7r5epnake.r7cumgwlvnmpdaalm3zgn2k7r5epnake.r7cumgwlvnmpdaalm3zgn2k7r5epnake.r7cumgwlvnmpdaalm3zgn2k7r5epnake.r7cumgwlvnmpdaalm3zgn2k7r5epnake.r7cumgwlvnmpdaalm3zgn2k7r5epnake.ehilkebap.com/ubi/index.php
2020-06/08T09:14:47 - INFO : http://www.ubibanca.com.tzklmmhuguyp21kmad24d1cvstfkpfjs.tzklmmhuguyp21kmad24d1cvstfkpfjs.tzklmmhuguyp21kmad24d1cvstfkpfjs.tzklmmhuguyp21kmad24d1cvstfkpfjs.tzklmmhuguyp21kmad24d1cvstfkpfjs.tzklmmhuguyp21kmad24d1cvstfkpfjs.ehilkebap.com/ubi/?c=aHR0cHM6Ly93d3cuYXBwbGUuY29tL3wxYW9zZTQyMmM4Y2NkMTc4NWJhN2U2ZDI2NWFmYWU3NWI4YTJ
2020-06/08T09:14:47 - INFO : http://www.ubibanca.com.tt4p7d5lwnhqdgsazuwcaw2xg6hue05x.tt4p7d5lwnhqdgsazuwcaw2xg6hue05x.tt4p7d5lwnhqdgsazuwcaw2xg6hue05x.tt4p7d5lwnhqdgsazuwcaw2xg6hue05x.tt4p7d5lwnhqdgsazuwcaw2xg6hue05x.tt4p7d5lwnhqdgsazuwcaw2xg6hue05x.ehilkebap.com/ubi/index.php
2020-06/08T09:14:48 - INFO : http://banortew.com/NAJ/
2020-06/08T09:14:48 - INFO : http://www.gemsofwar.com/https
2020-06/08T09:14:53 - INFO : http://meusantandernet.esy.es/indexx.php
2020-06/08T09:14:53 - INFO : http://confrmation-acount-2017.96.lt/unblock/recovery_login.html
2020-06/08T09:14:53 - INFO : http://ads-page.co/FB/recovery-chekpoint-login.html
2020-06/08T09:14:53 - INFO : http://www.bullystvshows.com/wp-admin/docs/1fb803bc746399b2fa5912eb6f23da33/
2020-06/08T09:14:55 - INFO : http://www.raudatravels.com/cas/googledoc/PY/
2020-06/08T09:14:55 - INFO : http://www.csfparts-proparticuliers.com/--/www.impots.gouv.fr/file/
2020-06/08T09:14:55 - INFO : http://www.workfromhomeoranywhere.com/online.wellsfargo.com/
2020-06/08T09:15:09 - INFO : http://www.magma.info.pl/magma/logs/impo/www.impots.gouv.fr/file/7e0b9cbca0e86cbae6b3c43b5a52d4e5/
2020-06/08T09:15:09 - INFO : http://www.magma.info.pl/logs/impo/www.impots.gouv.fr/file/
2020-06/08T09:15:09 - INFO : http://redoubt.dwmclient.co.uk/wp-content/themes/redoubt/assets/bb/
2020-06/08T09:15:29 - INFO : http://poly.ba/ba/wp-snapshots/image/connexioncompte/assure-amelicompte/info-personnel/Ameli/PortailAS/appmanager/PortailAS/assure_somtc=true/d4542e9233c987faff642540cd170396/
2020-06/08T09:15:39 - INFO : http://www.convence.com.br/orcamentos/tests/gult/docsign/
2020-06/08T09:15:40 - INFO : http://trasladosenroma.es/modules/6754/paglg/personas/index.php
2020-06/08T09:15:52 - INFO : http://www.ubibanca.com.jbanwdbiyvgblz63xvrwzpvioagk0ndj.akhidrolikvinc.com/ubi/index.php
2020-06/08T09:15:52 - INFO : http://www.ubibanca.com.havx8svsogusbnu8alavsdqvwxtynanf.havx8svsogusbnu8alavsdqvwxtynanf.havx8svsogusbnu8alavsdqvwxtynanf.havx8svsogusbnu8alavsdqvwxtynanf.havx8svsogusbnu8alavsdqvwxtynanf.havx8svsogusbnu8alavsdqvwxtynanf.akhidrolikvinc.com/ubi/index.php
2020-06/08T09:15:52 - INFO : http://213.165.89.191/ubi/index.php
2020-06/08T09:16:12 - INFO : http://www.ubibanca.com.kruemhhv8dlozdagwnlzslkkao5h0evk.kruemhhv8dlozdagwnlzslkkao5h0evk.kruemhhv8dlozdagwnlzslkkao5h0evk.kruemhhv8dlozdagwnlzslkkao5h0evk.kruemhhv8dlozdagwnlzslkkao5h0evk.kruemhhv8dlozdagwnlzslkkao5h0evk.akhidrolikvinc.com/ubi/index.php
2020-06/08T09:16:12 - INFO : http://www.smart-vision.at/Beneficiario/loginp.html
2020-06/08T09:16:13 - INFO : http://ib-logs.pe.hu/
2020-06/08T09:16:14 - INFO : http://loading102.id/edo1/Loog.php
2020-06/08T09:16:14 - INFO : http://jsdjfjhfkm.at.ua/1154/1000321526.html
2020-06/08T09:16:14 - INFO : http://fix-pages-security.esy.es/
2020-06/08T09:16:14 - INFO : http://www.checpointdisable.cf/
2020-06/08T09:16:14 - INFO : http://www.grovescientific.com/alibaba/Alipanel.htm
2020-06/08T09:16:15 - INFO : http://apps-secureaccountpages.esy.es/
2020-06/08T09:16:15 - INFO : http://100021532635.esy.es/confirmation.html
2020-06/08T09:16:15 - INFO : http://apps-facebookblocking2017.esy.es/
2020-06/08T09:16:15 - INFO : http://sshauth0.somee.com/googledoc/index.html
2020-06/08T09:16:15 - INFO : http://cibermatematicas.com.co/gduc/gduc/
2020-06/08T09:16:15 - INFO : http://achyn.com/modules/tracker/lang/start8.php
2020-06/08T09:16:18 - INFO : http://www.nirmalkutiyajohalan.in/php/chase/
2020-06/08T09:16:38 - INFO : http://raynic.com/UploadSection/r/alibaba/login.alibaba.com.php?email=abuse@hsc.com.com
2020-06/08T09:16:39 - INFO : http://contasinativasonline.com/
2020-06/08T09:16:39 - INFO : http://www.thefantasticmom.com/images/gggg/gtex/
2020-06/08T09:16:39 - INFO : http://www.thefantasticmom.com/images/gggg/gtex/
2020-06/08T09:16:39 - INFO : http://st.solutionsrecovery.com/2014/10/seo/index.php
2020-06/08T09:16:41 - INFO : http://nongshangzichan.com/gh/css/DHL%20AUTO/dhl.php?rand=13InboxLightaspxn.1774256418&amp;fid.4.1252899642&amp;fid=1&amp;fav.1&amp;rand.13InboxLight.aspxn.1774256418&amp;fid.1252899642&amp;fid.1&amp;fav.1&amp;email=haroutiou&amp;.rand=13InboxLight.aspx?n=1774256418&amp;fid=4
2020-06/08T09:16:46 - INFO : http://nongshangzichan.com/gh/css/DHL%20AUTO/dhl.php?rand=13InboxLightaspxn.1774256418&amp;fid.4.1252899642&amp;fid=1&amp;fav.1&amp;rand.13InboxLight.aspxn.1774256418&amp;fid.1252899642&amp;fid.1&amp;fav.1&amp;email=haroutiou&amp;.rand=13InboxLight.aspx?n=1774256418&amp;fid=4
2020-06/08T09:16:46 - INFO : http://thepuppyparadise.com/wp-admin/network/har.htm
